<?xml version="1.0" encoding="UTF-8"?>
<testsuite name="BookRepositoryMySqlTest" tests="4" skipped="0" failures="0" errors="0" timestamp="2023-11-06T14:31:50" hostname="DESKTOP-CKVJG5I" time="0.941">
  <properties/>
  <testcase name="testFindAll()" classname="BookRepositoryMySqlTest" time="0.74"/>
  <testcase name="testSave()" classname="BookRepositoryMySqlTest" time="0.074"/>
  <testcase name="testFindById()" classname="BookRepositoryMySqlTest" time="0.051"/>
  <testcase name="testRemoveAll()" classname="BookRepositoryMySqlTest" time="0.073"/>
  <system-out><![CDATA[]]></system-out>
  <system-err><![CDATA[]]></system-err>
</testsuite>
